2024-11-25T20:41:27.439+0100 [INFO]  Terraform version: 1.6.5
2024-11-25T20:41:27.439+0100 [DEBUG] using github.com/hashicorp/go-tfe v1.36.0
2024-11-25T20:41:27.439+0100 [DEBUG] using github.com/hashicorp/hcl/v2 v2.19.1
2024-11-25T20:41:27.439+0100 [DEBUG] using github.com/hashicorp/terraform-svchost v0.1.1
2024-11-25T20:41:27.439+0100 [DEBUG] using github.com/zclconf/go-cty v1.14.1
2024-11-25T20:41:27.439+0100 [INFO]  Go runtime version: go1.21.3
2024-11-25T20:41:27.439+0100 [INFO]  CLI args: []string{"C:\\ProgramData\\chocolatey\\lib\\terraform\\tools\\terraform.exe", "init"}
2024-11-25T20:41:27.439+0100 [TRACE] Stdout is a terminal of width 170
2024-11-25T20:41:27.439+0100 [TRACE] Stderr is a terminal of width 170
2024-11-25T20:41:27.439+0100 [TRACE] Stdin is a terminal
2024-11-25T20:41:27.446+0100 [DEBUG] Attempting to open CLI config file: C:\Users\Acer\AppData\Roaming\terraform.rc
2024-11-25T20:41:27.446+0100 [DEBUG] File doesn't exist, but doesn't need to. Ignoring.
2024-11-25T20:41:27.446+0100 [INFO]  Loading CLI configuration from C:\Users\Acer\AppData\Roaming\terraform.d\credentials.tfrc.json
2024-11-25T20:41:27.450+0100 [DEBUG] ignoring non-existing provider search directory terraform.d/plugins
2024-11-25T20:41:27.450+0100 [DEBUG] ignoring non-existing provider search directory C:\Users\Acer\AppData\Roaming\terraform.d\plugins
2024-11-25T20:41:27.450+0100 [DEBUG] ignoring non-existing provider search directory C:\Users\Acer\AppData\Roaming\HashiCorp\Terraform\plugins
2024-11-25T20:41:27.453+0100 [INFO]  CLI command args: []string{"init"}
2024-11-25T20:41:27.453+0100 [TRACE] Meta.Backend: no config given or present on disk, so returning nil config
2024-11-25T20:41:27.453+0100 [TRACE] Meta.Backend: backend has not previously been initialized in this working directory
2024-11-25T20:41:27.453+0100 [DEBUG] New state was assigned lineage "7974195a-4133-0103-afba-ea22de823bfc"
2024-11-25T20:41:27.453+0100 [TRACE] Meta.Backend: using default local state only (no backend configuration, and no existing initialized backend)
2024-11-25T20:41:27.453+0100 [TRACE] Meta.Backend: instantiated backend of type <nil>
2024-11-25T20:41:27.453+0100 [DEBUG] checking for provisioner in "."
2024-11-25T20:41:27.460+0100 [DEBUG] checking for provisioner in "C:\\ProgramData\\chocolatey\\lib\\terraform\\tools"
2024-11-25T20:41:27.460+0100 [TRACE] Meta.Backend: backend <nil> does not support operations, so wrapping it in a local backend
2024-11-25T20:41:27.462+0100 [TRACE] backend/local: state manager for workspace "default" will:
 - read initial snapshot from terraform.tfstate
 - write new snapshots to terraform.tfstate
 - create any backup at terraform.tfstate.backup
2024-11-25T20:41:27.462+0100 [TRACE] statemgr.Filesystem: reading initial snapshot from terraform.tfstate
2024-11-25T20:41:27.462+0100 [TRACE] statemgr.Filesystem: snapshot file has nil snapshot, but that's okay
2024-11-25T20:41:27.462+0100 [TRACE] statemgr.Filesystem: read nil snapshot
2024-11-25T20:41:27.466+0100 [DEBUG] Service discovery for registry.terraform.io at https://registry.terraform.io/.well-known/terraform.json
2024-11-25T20:41:27.466+0100 [TRACE] HTTP client GET request to https://registry.terraform.io/.well-known/terraform.json
2024-11-25T20:41:27.546+0100 [DEBUG] GET https://registry.terraform.io/v1/providers/hashicorp/azurerm/versions
2024-11-25T20:41:27.546+0100 [TRACE] HTTP client GET request to https://registry.terraform.io/v1/providers/hashicorp/azurerm/versions
2024-11-25T20:41:27.702+0100 [TRACE] providercache.fillMetaCache: scanning directory .terraform\providers
2024-11-25T20:41:27.702+0100 [TRACE] getproviders.SearchLocalDirectory: failed to resolve symlinks for .terraform\providers: CreateFile .terraform: The system cannot find the file specified.
2024-11-25T20:41:27.702+0100 [TRACE] providercache.fillMetaCache: error while scanning directory .terraform\providers: cannot search .terraform\providers: CreateFile .terraform\providers: The system cannot find the path specified.
2024-11-25T20:41:27.702+0100 [DEBUG] GET https://registry.terraform.io/v1/providers/hashicorp/azurerm/4.11.0/download/windows/amd64
2024-11-25T20:41:27.702+0100 [TRACE] HTTP client GET request to https://registry.terraform.io/v1/providers/hashicorp/azurerm/4.11.0/download/windows/amd64
2024-11-25T20:41:27.845+0100 [DEBUG] GET https://releases.hashicorp.com/terraform-provider-azurerm/4.11.0/terraform-provider-azurerm_4.11.0_SHA256SUMS
2024-11-25T20:41:27.846+0100 [TRACE] HTTP client GET request to https://releases.hashicorp.com/terraform-provider-azurerm/4.11.0/terraform-provider-azurerm_4.11.0_SHA256SUMS
2024-11-25T20:41:27.873+0100 [DEBUG] GET https://releases.hashicorp.com/terraform-provider-azurerm/4.11.0/terraform-provider-azurerm_4.11.0_SHA256SUMS.72D7468F.sig
2024-11-25T20:41:27.877+0100 [TRACE] HTTP client GET request to https://releases.hashicorp.com/terraform-provider-azurerm/4.11.0/terraform-provider-azurerm_4.11.0_SHA256SUMS.72D7468F.sig
2024-11-25T20:41:27.886+0100 [TRACE] providercache.Dir.InstallPackage: installing registry.terraform.io/hashicorp/azurerm v4.11.0 from https://releases.hashicorp.com/terraform-provider-azurerm/4.11.0/terraform-provider-azurerm_4.11.0_windows_amd64.zip
2024-11-25T20:41:27.887+0100 [TRACE] HTTP client GET request to https://releases.hashicorp.com/terraform-provider-azurerm/4.11.0/terraform-provider-azurerm_4.11.0_windows_amd64.zip
2024-11-25T20:41:34.165+0100 [DEBUG] Provider signed by 34365D9472D7468F HashiCorp Security (hashicorp.com/security) <security@hashicorp.com>
2024-11-25T20:41:35.598+0100 [TRACE] providercache.fillMetaCache: scanning directory .terraform\providers
2024-11-25T20:41:35.600+0100 [TRACE] getproviders.SearchLocalDirectory: found registry.terraform.io/hashicorp/azurerm v4.11.0 for windows_amd64 at .terraform\providers\registry.terraform.io\hashicorp\azurerm\4.11.0\windows_amd64
2024-11-25T20:41:35.612+0100 [TRACE] providercache.fillMetaCache: including .terraform\providers\registry.terraform.io\hashicorp\azurerm\4.11.0\windows_amd64 as a candidate package for registry.terraform.io/hashicorp/azurerm 4.11.0
